# JRE version: OpenJDK Runtime Environment Temurin-21.0.9+10 (21.0.9+10) (build 21.0.9+10-LTS)
# Java VM: OpenJDK 64-Bit Server VM Temurin-21.0.9+10 (21.0.9+10-LTS, mixed mode, sharing, tiered, compressed oops, compressed class ptrs, parallel gc, windows-amd64)
GC Precious Log:
 CardTable entry size: 512
 CPUs: 4 total, 4 available
 Memory: 3818M
 Large Page Support: Disabled
 NUMA Support: Disabled
 Compressed Oops: Enabled (32-bit)
 Alignments: Space 512K, Generation 512K, Heap 2M
 Heap Min Capacity: 100M
 Heap Initial Capacity: 100M
 Heap Max Capacity: 2G
 Pre-touch: Disabled
 Parallel Workers: 4
Heap:
 PSYoungGen      total 2048K, used 1952K [0x00000000d5580000, 0x00000000d5900000, 0x0000000100000000)
  eden space 1536K, 100% used [0x00000000d5580000,0x00000000d5700000,0x00000000d5700000)
  from space 512K, 81% used [0x00000000d5800000,0x00000000d5868000,0x00000000d5880000)
  to   space 512K, 25% used [0x00000000d5880000,0x00000000d58a0000,0x00000000d5900000)
 ParOldGen       total 412160K, used 412152K [0x0000000080000000, 0x0000000099280000, 0x00000000d5580000)
  object space 412160K, 99% used [0x0000000080000000,0x000000009927e310,0x0000000099280000)
 Metaspace       used 76997K, committed 78656K, reserved 1179648K
  class space    used 7956K, committed 8704K, reserved 1048576K
GC Heap History (20 events):
Event: 2704.884 GC heap before
{Heap before GC invocations=344 (full 3):
 PSYoungGen      total 2048K, used 2033K [0x00000000d5580000, 0x00000000d5900000, 0x0000000100000000)
  eden space 1536K, 100% used [0x00000000d5580000,0x00000000d5700000,0x00000000d5700000)
  from space 512K, 97% used [0x00000000d5880000,0x00000000d58fc590,0x00000000d5900000)
  to   space 1024K, 0% used [0x00000000d5700000,0x00000000d5700000,0x00000000d5800000)
 ParOldGen       total 402432K, used 402278K [0x0000000080000000, 0x0000000098900000, 0x00000000d5580000)
  object space 402432K, 99% used [0x0000000080000000,0x00000000988d9a08,0x0000000098900000)
 Metaspace       used 76983K, committed 78656K, reserved 1179648K
  class space    used 7956K, committed 8704K, reserved 1048576K
}
Event: 2704.889 GC heap after
{Heap after GC invocations=344 (full 3):
 PSYoungGen      total 2560K, used 1009K [0x00000000d5580000, 0x00000000d5c00000, 0x0000000100000000)
  eden space 1536K, 0% used [0x00000000d5580000,0x00000000d5580000,0x00000000d5700000)
  from space 1024K, 98% used [0x00000000d5700000,0x00000000d57fc590,0x00000000d5800000)
  to   space 2560K, 0% used [0x00000000d5980000,0x00000000d5980000,0x00000000d5c00000)
 ParOldGen       total 403456K, used 403183K [0x0000000080000000, 0x0000000098a00000, 0x00000000d5580000)
  object space 403456K, 99% used [0x0000000080000000,0x00000000989bbf98,0x0000000098a00000)
 Metaspace       used 76983K, committed 78656K, reserved 1179648K
  class space    used 7956K, committed 8704K, reserved 1048576K
}
Event: 2704.927 GC heap before
{Heap before GC invocations=345 (full 3):
 PSYoungGen      total 2560K, used 2545K [0x00000000d5580000, 0x00000000d5c00000, 0x0000000100000000)
  eden space 1536K, 100% used [0x00000000d5580000,0x00000000d5700000,0x00000000d5700000)
  from space 1024K, 98% used [0x00000000d5700000,0x00000000d57fc590,0x00000000d5800000)
  to   space 2560K, 0% used [0x00000000d5980000,0x00000000d5980000,0x00000000d5c00000)
 ParOldGen       total 403456K, used 403183K [0x0000000080000000, 0x0000000098a00000, 0x00000000d5580000)
  object space 403456K, 99% used [0x0000000080000000,0x00000000989bbf98,0x0000000098a00000)
 Metaspace       used 76983K, committed 78656K, reserved 1179648K
  class space    used 7956K, committed 8704K, reserved 1048576K
}
Event: 2704.931 GC heap after
{Heap after GC invocations=345 (full 3):
 PSYoungGen      total 3584K, used 1568K [0x00000000d5580000, 0x00000000d5b80000, 0x0000000100000000)
  eden space 1536K, 0% used [0x00000000d5580000,0x00000000d5580000,0x00000000d5700000)
  from space 2048K, 76% used [0x00000000d5980000,0x00000000d5b08000,0x00000000d5b80000)
  to   space 2048K, 0% used [0x00000000d5780000,0x00000000d5780000,0x00000000d5980000)
 ParOldGen       total 404480K, used 404217K [0x0000000080000000, 0x0000000098b00000, 0x00000000d5580000)
  object space 404480K, 99% used [0x0000000080000000,0x0000000098abe528,0x0000000098b00000)
 Metaspace       used 76983K, committed 78656K, reserved 1179648K
  class space    used 7956K, committed 8704K, reserved 1048576K
}
Event: 2704.959 GC heap before
{Heap before GC invocations=346 (full 3):
 PSYoungGen      total 3584K, used 3104K [0x00000000d5580000, 0x00000000d5b80000, 0x0000000100000000)
  eden space 1536K, 100% used [0x00000000d5580000,0x00000000d5700000,0x00000000d5700000)
  from space 2048K, 76% used [0x00000000d5980000,0x00000000d5b08000,0x00000000d5b80000)
  to   space 2048K, 0% used [0x00000000d5780000,0x00000000d5780000,0x00000000d5980000)
 ParOldGen       total 404480K, used 404217K [0x0000000080000000, 0x0000000098b00000, 0x00000000d5580000)
  object space 404480K, 99% used [0x0000000080000000,0x0000000098abe528,0x0000000098b00000)
 Metaspace       used 76983K, committed 78656K, reserved 1179648K
  class space    used 7956K, committed 8704K, reserved 1048576K
}
Event: 2704.962 GC heap after
{Heap after GC invocations=346 (full 3):
 PSYoungGen      total 3072K, used 1536K [0x00000000d5580000, 0x00000000d5b00000, 0x0000000100000000)
  eden space 1536K, 0% used [0x00000000d5580000,0x00000000d5580000,0x00000000d5700000)
  from space 1536K, 100% used [0x00000000d5780000,0x00000000d5900000,0x00000000d5900000)
  to   space 2048K, 0% used [0x00000000d5900000,0x00000000d5900000,0x00000000d5b00000)
 ParOldGen       total 406016K, used 405745K [0x0000000080000000, 0x0000000098c80000, 0x00000000d5580000)
  object space 406016K, 99% used [0x0000000080000000,0x0000000098c3c528,0x0000000098c80000)
 Metaspace       used 76983K, committed 78656K, reserved 1179648K
  class space    used 7956K, committed 8704K, reserved 1048576K
}
Event: 2704.995 GC heap before
{Heap before GC invocations=347 (full 3):
 PSYoungGen      total 3072K, used 3072K [0x00000000d5580000, 0x00000000d5b00000, 0x0000000100000000)
  eden space 1536K, 100% used [0x00000000d5580000,0x00000000d5700000,0x00000000d5700000)
  from space 1536K, 100% used [0x00000000d5780000,0x00000000d5900000,0x00000000d5900000)
  to   space 2048K, 0% used [0x00000000d5900000,0x00000000d5900000,0x00000000d5b00000)
 ParOldGen       total 406016K, used 405745K [0x0000000080000000, 0x0000000098c80000, 0x00000000d5580000)
  object space 406016K, 99% used [0x0000000080000000,0x0000000098c3c528,0x0000000098c80000)
 Metaspace       used 76983K, committed 78656K, reserved 1179648K
  class space    used 7956K, committed 8704K, reserved 1048576K
}
Event: 2704.999 GC heap after
{Heap after GC invocations=347 (full 3):
 PSYoungGen      total 3584K, used 1536K [0x00000000d5580000, 0x00000000d5b00000, 0x0000000100000000)
  eden space 1536K, 0% used [0x00000000d5580000,0x00000000d5580000,0x00000000d5700000)
  from space 2048K, 75% used [0x00000000d5900000,0x00000000d5a80000,0x00000000d5b00000)
  to   space 2048K, 0% used [0x00000000d5700000,0x00000000d5700000,0x00000000d5900000)
 ParOldGen       total 407552K, used 407273K [0x0000000080000000, 0x0000000098e00000, 0x00000000d5580000)
  object space 407552K, 99% used [0x0000000080000000,0x0000000098dba528,0x0000000098e00000)
 Metaspace       used 76983K, committed 78656K, reserved 1179648K
  class space    used 7956K, committed 8704K, reserved 1048576K
}
Event: 2705.025 GC heap before
{Heap before GC invocations=348 (full 3):
 PSYoungGen      total 3584K, used 3072K [0x00000000d5580000, 0x00000000d5b00000, 0x0000000100000000)
  eden space 1536K, 100% used [0x00000000d5580000,0x00000000d5700000,0x00000000d5700000)
  from space 2048K, 75% used [0x00000000d5900000,0x00000000d5a80000,0x00000000d5b00000)
  to   space 2048K, 0% used [0x00000000d5700000,0x00000000d5700000,0x00000000d5900000)
 ParOldGen       total 407552K, used 407273K [0x0000000080000000, 0x0000000098e00000, 0x00000000d5580000)
  object space 407552K, 99% used [0x0000000080000000,0x0000000098dba528,0x0000000098e00000)
 Metaspace       used 76983K, committed 78656K, reserved 1179648K
  class space    used 7956K, committed 8704K, reserved 1048576K
}
Event: 2705.030 GC heap after
{Heap after GC invocations=348 (full 3):
 PSYoungGen      total 3584K, used 1568K [0x00000000d5580000, 0x00000000d5b00000, 0x0000000100000000)
  eden space 1536K, 0% used [0x00000000d5580000,0x00000000d5580000,0x00000000d5700000)
  from space 2048K, 76% used [0x00000000d5700000,0x00000000d5888000,0x00000000d5900000)
  to   space 2048K, 0% used [0x00000000d5900000,0x00000000d5900000,0x00000000d5b00000)
 ParOldGen       total 409088K, used 408809K [0x0000000080000000, 0x0000000098f80000, 0x00000000d5580000)
  object space 409088K, 99% used [0x0000000080000000,0x0000000098f3a528,0x0000000098f80000)
 Metaspace       used 76983K, committed 78656K, reserved 1179648K
  class space    used 7956K, committed 8704K, reserved 1048576K
}
Event: 2705.244 GC heap before
{Heap before GC invocations=349 (full 3):
 PSYoungGen      total 3584K, used 3104K [0x00000000d5580000, 0x00000000d5b00000, 0x0000000100000000)
  eden space 1536K, 100% used [0x00000000d5580000,0x00000000d5700000,0x00000000d5700000)
  from space 2048K, 76% used [0x00000000d5700000,0x00000000d5888000,0x00000000d5900000)
  to   space 2048K, 0% used [0x00000000d5900000,0x00000000d5900000,0x00000000d5b00000)
 ParOldGen       total 409088K, used 408809K [0x0000000080000000, 0x0000000098f80000, 0x00000000d5580000)
  object space 409088K, 99% used [0x0000000080000000,0x0000000098f3a528,0x0000000098f80000)
 Metaspace       used 76992K, committed 78656K, reserved 1179648K
  class space    used 7956K, committed 8704K, reserved 1048576K
}
Event: 2705.249 GC heap after
{Heap after GC invocations=349 (full 3):
 PSYoungGen      total 2560K, used 948K [0x00000000d5580000, 0x00000000d5a00000, 0x0000000100000000)
  eden space 1536K, 0% used [0x00000000d5580000,0x00000000d5580000,0x00000000d5700000)
  from space 1024K, 92% used [0x00000000d5900000,0x00000000d59ed200,0x00000000d5a00000)
  to   space 1536K, 0% used [0x00000000d5700000,0x00000000d5700000,0x00000000d5880000)
 ParOldGen       total 410624K, used 410345K [0x0000000080000000, 0x0000000099100000, 0x00000000d5580000)
  object space 410624K, 99% used [0x0000000080000000,0x00000000990ba528,0x0000000099100000)
 Metaspace       used 76992K, committed 78656K, reserved 1179648K
  class space    used 7956K, committed 8704K, reserved 1048576K
}
Event: 2705.306 GC heap before
{Heap before GC invocations=350 (full 3):
 PSYoungGen      total 2560K, used 2484K [0x00000000d5580000, 0x00000000d5a00000, 0x0000000100000000)
  eden space 1536K, 100% used [0x00000000d5580000,0x00000000d5700000,0x00000000d5700000)
  from space 1024K, 92% used [0x00000000d5900000,0x00000000d59ed200,0x00000000d5a00000)
  to   space 1536K, 0% used [0x00000000d5700000,0x00000000d5700000,0x00000000d5880000)
 ParOldGen       total 410624K, used 410345K [0x0000000080000000, 0x0000000099100000, 0x00000000d5580000)
  object space 410624K, 99% used [0x0000000080000000,0x00000000990ba528,0x0000000099100000)
 Metaspace       used 76992K, committed 78656K, reserved 1179648K
  class space    used 7956K, committed 8704K, reserved 1048576K
}
Event: 2705.310 GC heap after
{Heap after GC invocations=350 (full 3):
 PSYoungGen      total 3072K, used 480K [0x00000000d5580000, 0x00000000d5980000, 0x0000000100000000)
  eden space 1536K, 0% used [0x00000000d5580000,0x00000000d5580000,0x00000000d5700000)
  from space 1536K, 31% used [0x00000000d5700000,0x00000000d5778000,0x00000000d5880000)
  to   space 1024K, 0% used [0x00000000d5880000,0x00000000d5880000,0x00000000d5980000)
 ParOldGen       total 411648K, used 411232K [0x0000000080000000, 0x0000000099200000, 0x00000000d5580000)
  object space 411648K, 99% used [0x0000000080000000,0x00000000991982f0,0x0000000099200000)
 Metaspace       used 76992K, committed 78656K, reserved 1179648K
  class space    used 7956K, committed 8704K, reserved 1048576K
}
Event: 2705.333 GC heap before
{Heap before GC invocations=351 (full 3):
 PSYoungGen      total 3072K, used 2016K [0x00000000d5580000, 0x00000000d5980000, 0x0000000100000000)
  eden space 1536K, 100% used [0x00000000d5580000,0x00000000d5700000,0x00000000d5700000)
  from space 1536K, 31% used [0x00000000d5700000,0x00000000d5778000,0x00000000d5880000)
  to   space 1024K, 0% used [0x00000000d5880000,0x00000000d5880000,0x00000000d5980000)
 ParOldGen       total 411648K, used 411232K [0x0000000080000000, 0x0000000099200000, 0x00000000d5580000)
  object space 411648K, 99% used [0x0000000080000000,0x00000000991982f0,0x0000000099200000)
 Metaspace       used 76993K, committed 78656K, reserved 1179648K
  class space    used 7956K, committed 8704K, reserved 1048576K
}
Event: 2705.336 GC heap after
{Heap after GC invocations=351 (full 3):
 PSYoungGen      total 2048K, used 160K [0x00000000d5580000, 0x00000000d5900000, 0x0000000100000000)
  eden space 1536K, 0% used [0x00000000d5580000,0x00000000d5580000,0x00000000d5700000)
  from space 512K, 31% used [0x00000000d5880000,0x00000000d58a8000,0x00000000d5900000)
  to   space 512K, 0% used [0x00000000d5800000,0x00000000d5800000,0x00000000d5880000)
 ParOldGen       total 412160K, used 411656K [0x0000000080000000, 0x0000000099280000, 0x00000000d5580000)
  object space 412160K, 99% used [0x0000000080000000,0x0000000099202310,0x0000000099280000)
 Metaspace       used 76993K, committed 78656K, reserved 1179648K
  class space    used 7956K, committed 8704K, reserved 1048576K
}
Event: 2705.356 GC heap before
{Heap before GC invocations=352 (full 3):
 PSYoungGen      total 2048K, used 1695K [0x00000000d5580000, 0x00000000d5900000, 0x0000000100000000)
  eden space 1536K, 99% used [0x00000000d5580000,0x00000000d56ffff0,0x00000000d5700000)
  from space 512K, 31% used [0x00000000d5880000,0x00000000d58a8000,0x00000000d5900000)
  to   space 512K, 0% used [0x00000000d5800000,0x00000000d5800000,0x00000000d5880000)
 ParOldGen       total 412160K, used 411656K [0x0000000080000000, 0x0000000099280000, 0x00000000d5580000)
  object space 412160K, 99% used [0x0000000080000000,0x0000000099202310,0x0000000099280000)
 Metaspace       used 76993K, committed 78656K, reserved 1179648K
  class space    used 7956K, committed 8704K, reserved 1048576K
}
Event: 2705.358 GC heap after
{Heap after GC invocations=352 (full 3):
 PSYoungGen      total 2048K, used 160K [0x00000000d5580000, 0x00000000d5900000, 0x0000000100000000)
  eden space 1536K, 0% used [0x00000000d5580000,0x00000000d5580000,0x00000000d5700000)
  from space 512K, 31% used [0x00000000d5800000,0x00000000d5828000,0x00000000d5880000)
  to   space 512K, 0% used [0x00000000d5880000,0x00000000d5880000,0x00000000d5900000)
 ParOldGen       total 412160K, used 411760K [0x0000000080000000, 0x0000000099280000, 0x00000000d5580000)
  object space 412160K, 99% used [0x0000000080000000,0x000000009921c310,0x0000000099280000)
 Metaspace       used 76993K, committed 78656K, reserved 1179648K
  class space    used 7956K, committed 8704K, reserved 1048576K
}
Event: 2705.364 GC heap before
{Heap before GC invocations=353 (full 3):
 PSYoungGen      total 2048K, used 1696K [0x00000000d5580000, 0x00000000d5900000, 0x0000000100000000)
  eden space 1536K, 100% used [0x00000000d5580000,0x00000000d5700000,0x00000000d5700000)
  from space 512K, 31% used [0x00000000d5800000,0x00000000d5828000,0x00000000d5880000)
  to   space 512K, 0% used [0x00000000d5880000,0x00000000d5880000,0x00000000d5900000)
 ParOldGen       total 412160K, used 411760K [0x0000000080000000, 0x0000000099280000, 0x00000000d5580000)
  object space 412160K, 99% used [0x0000000080000000,0x000000009921c310,0x0000000099280000)
 Metaspace       used 76993K, committed 78656K, reserved 1179648K
  class space    used 7956K, committed 8704K, reserved 1048576K
}
Event: 2705.367 GC heap after
{Heap after GC invocations=353 (full 3):
 PSYoungGen      total 2048K, used 384K [0x00000000d5580000, 0x00000000d5900000, 0x0000000100000000)
  eden space 1536K, 0% used [0x00000000d5580000,0x00000000d5580000,0x00000000d5700000)
  from space 512K, 75% used [0x00000000d5880000,0x00000000d58e0000,0x00000000d5900000)
  to   space 512K, 0% used [0x00000000d5800000,0x00000000d5800000,0x00000000d5880000)
 ParOldGen       total 412160K, used 411840K [0x0000000080000000, 0x0000000099280000, 0x00000000d5580000)
  object space 412160K, 99% used [0x0000000080000000,0x0000000099230310,0x0000000099280000)
 Metaspace       used 76993K, committed 78656K, reserved 1179648K
  class space    used 7956K, committed 8704K, reserved 1048576K
}

